{"numFailedTestSuites":0,"numFailedTests":0,"numPassedTestSuites":1,"numPassedTests":3,"numPendingTestSuites":0,"numPendingTests":0,"numRuntimeErrorTestSuites":0,"numTodoTests":0,"numTotalTestSuites":1,"numTotalTests":3,"openHandles":[],"snapshot":{"added":0,"didUpdate":false,"failure":false,"filesAdded":0,"filesRemoved":0,"filesRemovedList":[],"filesUnmatched":0,"filesUpdated":0,"matched":0,"total":0,"unchecked":0,"uncheckedKeysByFile":[],"unmatched":0,"updated":0},"startTime":1773132107478,"success":true,"testResults":[{"assertionResults":[{"ancestorTitles":[],"duration":39,"failing":false,"failureDetails":[],"failureMessages":[],"fullName":"renders Todo heading","invocations":1,"location":null,"numPassingAsserts":1,"retryReasons":[],"startAt":1773132109336,"status":"passed","title":"renders Todo heading"},{"ancestorTitles":[],"duration":20,"failing":false,"failureDetails":[],"failureMessages":[],"fullName":"adds new todo","invocations":1,"location":null,"numPassingAsserts":1,"retryReasons":[],"startAt":1773132109378,"status":"passed","title":"adds new todo"},{"ancestorTitles":[],"duration":12,"failing":false,"failureDetails":[],"failureMessages":[],"fullName":"deletes todo","invocations":1,"location":null,"numPassingAsserts":1,"retryReasons":[],"startAt":1773132109399,"status":"passed","title":"deletes todo"}],"endTime":1773132109417,"message":"","name":"C:\\Users\\Gyan\\OneDrive\\Desktop\\react-todo-assessment\\tests\\todo.test.js","startTime":1773132108411,"status":"passed","summary":""}],"wasInterrupted":false}
